<?xml version="1.0" encoding="UTF-8"?>
<testng-results skipped="0" failed="1" ignored="0" total="2" passed="1">
  <reporter-output>
  </reporter-output>
  <suite name="Default suite" duration-ms="28664" started-at="2018-06-26T12:54:06Z" finished-at="2018-06-26T12:54:35Z">
    <groups>
    </groups>
    <test name="Default test" duration-ms="28664" started-at="2018-06-26T12:54:06Z" finished-at="2018-06-26T12:54:35Z">
      <class name="testClasses.GMailTest">
        <test-method status="PASS" signature="initVars()[pri:0, instance:testClasses.GMailTest@6f7fd0e6]" name="initVars" is-config="true" duration-ms="2038" started-at="2018-06-26T12:54:06Z" finished-at="2018-06-26T12:54:08Z">
          <reporter-output>
          </reporter-output>
        </test-method> <!-- initVars -->
        <test-method status="PASS" signature="Step01_Launch_LoginPage()[pri:0, instance:testClasses.GMailTest@6f7fd0e6]" name="Step01_Launch_LoginPage" duration-ms="19194" started-at="2018-06-26T12:54:08Z" finished-at="2018-06-26T12:54:27Z">
          <reporter-output>
          </reporter-output>
        </test-method> <!-- Step01_Launch_LoginPage -->
        <test-method status="FAIL" signature="Step02_Launch_MailPage()[pri:0, instance:testClasses.GMailTest@6f7fd0e6]" name="Step02_Launch_MailPage" duration-ms="7073" started-at="2018-06-26T12:54:27Z" finished-at="2018-06-26T12:54:34Z">
          <exception class="org.openqa.selenium.TimeoutException">
            <message>
              <![CDATA[Expected condition failed: waiting for visibility of element located by By.xpath: //div[@class = 'T-I J-J5-Ji lS T-I-ax7 W6eDmd'] (tried for 5 second(s) with 500 milliseconds interval)]]>
            </message>
            <full-stacktrace>
              <![CDATA[org.openqa.selenium.TimeoutException: Expected condition failed: waiting for visibility of element located by By.xpath: //div[@class = 'T-I J-J5-Ji lS T-I-ax7 W6eDmd'] (tried for 5 second(s) with 500 milliseconds interval)
at org.openqa.selenium.support.ui.WebDriverWait.timeoutException(WebDriverWait.java:81)
at org.openqa.selenium.support.ui.FluentWait.until(FluentWait.java:271)
at actionClasses.MailPageActions.openAnUnreadEmailIrrespectiveOfThePage(MailPageActions.java:50)
at actionClasses.MailPageActions.openNextPage(MailPageActions.java:73)
at actionClasses.MailPageActions.openAnUnreadEmailIrrespectiveOfThePage(MailPageActions.java:42)
at testClasses.GMailTest.Step02_Launch_MailPage(GMailTest.java:39)
at sun.reflect.NativeMethodAccessorImpl.invoke0(Native Method)
at sun.reflect.NativeMethodAccessorImpl.invoke(NativeMethodAccessorImpl.java:62)
at sun.reflect.DelegatingMethodAccessorImpl.invoke(DelegatingMethodAccessorImpl.java:43)
at java.lang.reflect.Method.invoke(Method.java:498)
at org.testng.internal.MethodInvocationHelper.invokeMethod(MethodInvocationHelper.java:124)
at org.testng.internal.Invoker.invokeMethod(Invoker.java:583)
at org.testng.internal.Invoker.invokeTestMethod(Invoker.java:719)
at org.testng.internal.Invoker.invokeTestMethods(Invoker.java:989)
at org.testng.internal.TestMethodWorker.invokeTestMethods(TestMethodWorker.java:125)
at org.testng.internal.TestMethodWorker.run(TestMethodWorker.java:109)
at org.testng.TestRunner.privateRun(TestRunner.java:648)
at org.testng.TestRunner.run(TestRunner.java:505)
at org.testng.SuiteRunner.runTest(SuiteRunner.java:455)
at org.testng.SuiteRunner.runSequentially(SuiteRunner.java:450)
at org.testng.SuiteRunner.privateRun(SuiteRunner.java:415)
at org.testng.SuiteRunner.run(SuiteRunner.java:364)
at org.testng.SuiteRunnerWorker.runSuite(SuiteRunnerWorker.java:52)
at org.testng.SuiteRunnerWorker.run(SuiteRunnerWorker.java:84)
at org.testng.TestNG.runSuitesSequentially(TestNG.java:1208)
at org.testng.TestNG.runSuitesLocally(TestNG.java:1137)
at org.testng.TestNG.runSuites(TestNG.java:1049)
at org.testng.TestNG.run(TestNG.java:1017)
at org.testng.remote.AbstractRemoteTestNG.run(AbstractRemoteTestNG.java:114)
at org.testng.remote.RemoteTestNG.initAndRun(RemoteTestNG.java:251)
at org.testng.remote.RemoteTestNG.main(RemoteTestNG.java:77)
Caused by: org.openqa.selenium.NoSuchElementException: Cannot locate an element using By.xpath: //div[@class = 'T-I J-J5-Ji lS T-I-ax7 W6eDmd']
For documentation on this error, please visit: http://seleniumhq.org/exceptions/no_such_element.html
Build info: version: '3.12.0', revision: '7c6e0b3', time: '2018-05-08T14:04:26.12Z'
System info: host: 'qainfotech-OptiPlex-755', ip: '127.0.1.1', os.name: 'Linux', os.arch: 'amd64', os.version: '3.13.0-151-generic', java.version: '1.8.0_171'
Driver info: driver.version: unknown
at org.openqa.selenium.support.ui.ExpectedConditions.lambda$findElement$0(ExpectedConditions.java:896)
at java.util.Optional.orElseThrow(Optional.java:290)
at org.openqa.selenium.support.ui.ExpectedConditions.findElement(ExpectedConditions.java:895)
at org.openqa.selenium.support.ui.ExpectedConditions.access$000(ExpectedConditions.java:44)
at org.openqa.selenium.support.ui.ExpectedConditions$7.apply(ExpectedConditions.java:206)
at org.openqa.selenium.support.ui.ExpectedConditions$7.apply(ExpectedConditions.java:202)
at org.openqa.selenium.support.ui.FluentWait.until(FluentWait.java:248)
... 29 more
]]>
            </full-stacktrace>
          </exception> <!-- org.openqa.selenium.TimeoutException -->
          <reporter-output>
          </reporter-output>
        </test-method> <!-- Step02_Launch_MailPage -->
        <test-method status="PASS" signature="closeBrowser()[pri:0, instance:testClasses.GMailTest@6f7fd0e6]" name="closeBrowser" is-config="true" duration-ms="304" started-at="2018-06-26T12:54:34Z" finished-at="2018-06-26T12:54:35Z">
          <reporter-output>
          </reporter-output>
        </test-method> <!-- closeBrowser -->
      </class> <!-- testClasses.GMailTest -->
    </test> <!-- Default test -->
  </suite> <!-- Default suite -->
</testng-results>
